<?xml version="1.0" encoding="UTF-8"?>
<!-- Generated by org.testng.reporters.JUnitReportReporter -->
<testsuite skipped="0" hostname="DESKTOP-L9FPGM3" name="com.selenium.test.DashboardTest" tests="1" failures="0" timestamp="19 Nov 2018 08:45:34 GMT" time="13.076" errors="0">
  <testcase name="Dashboard" time="13.076" classname="com.selenium.test.DashboardTest"/>
</testsuite> <!-- com.selenium.test.DashboardTest -->
