<?xml version="1.0" encoding="UTF-8"?>
<!-- Generated by org.testng.reporters.JUnitReportReporter -->
<testsuite skipped="0" hostname="DESKTOP-L9FPGM3" name="com.selenium.test.Login" tests="2" failures="0" timestamp="18 Nov 2018 18:28:26 GMT" time="1.467" errors="0">
  <testcase name="verfiyLoginFailure" time="0.685" classname="com.selenium.test.Login"/>
  <testcase name="verfiyLoginSuccess" time="0.782" classname="com.selenium.test.Login"/>
</testsuite> <!-- com.selenium.test.Login -->
