<?xml version="1.0" encoding="UTF-8"?>
<!-- Generated by org.testng.reporters.JUnitReportReporter -->
<testsuite skipped="0" hostname="DESKTOP-L9FPGM3" name="com.selenium.test.LoginTest" tests="2" failures="0" timestamp="19 Nov 2018 06:36:00 GMT" time="33.937" errors="0">
  <testcase name="verfiyLoginSuccess" time="12.228" classname="com.selenium.test.LoginTest"/>
  <testcase name="verfiyLoginFailure" time="21.709" classname="com.selenium.test.LoginTest"/>
</testsuite> <!-- com.selenium.test.LoginTest -->
