<?xml version="1.0" encoding="UTF-8"?>
<testsuite name="com.selenium.test.TestNGSimpleTest1" tests="1" skipped="0" failures="0" errors="0" timestamp="2018-11-10T18:27:09" hostname="DESKTOP-L9FPGM3" time="12.212">
  <properties/>
  <testcase name="testAdd" classname="com.selenium.test.TestNGSimpleTest1" time="12.212"/>
  <system-out><![CDATA[I am in Setup
Page title is - selenium webdriver - Google Search
]]></system-out>
  <system-err><![CDATA[Starting ChromeDriver 2.43.600210 (68dcf5eebde37173d4027fa8635e332711d2874a) on port 29490
Only local connections are allowed.
Nov 10, 2018 11:57:13 PM org.openqa.selenium.remote.ProtocolHandshake createSession
INFO: Detected dialect: OSS
]]></system-err>
</testsuite>
