<?xml version="1.0" encoding="UTF-8"?>
<testsuite name="com.selenium.test.TestNGSimpleTest2" tests="1" skipped="0" failures="0" errors="0" timestamp="2018-11-10T18:27:21" hostname="DESKTOP-L9FPGM3" time="0.016">
  <properties/>
  <testcase name="testDivide" classname="com.selenium.test.TestNGSimpleTest2" time="0.016"/>
  <system-out><![CDATA[I am in Setup 2
]]></system-out>
  <system-err><![CDATA[]]></system-err>
</testsuite>
