<?xml version="1.0" encoding="UTF-8"?>
<testsuite name="com.selenium.test.Logout" tests="1" skipped="0" failures="0" errors="0" timestamp="2018-11-18T17:40:06" hostname="DESKTOP-L9FPGM3" time="1.163">
  <properties/>
  <testcase name="verifyLogoutSuccess" classname="com.selenium.test.Logout" time="1.163"/>
  <system-out><![CDATA[Able to choose the usename field(410, 40)
]]></system-out>
  <system-err><![CDATA[]]></system-err>
</testsuite>
