<?xml version="1.0" encoding="UTF-8"?>
<!-- Generated by org.testng.reporters.JUnitReportReporter -->
<testsuite skipped="0" hostname="DESKTOP-L9FPGM3" name="com.selenium.test.Login" tests="2" failures="0" timestamp="18 Nov 2018 17:36:55 GMT" time="1.451" errors="0">
  <testcase name="verfiyLoginFailure" time="0.687" classname="com.selenium.test.Login"/>
  <testcase name="verfiyLoginSuccess" time="0.764" classname="com.selenium.test.Login"/>
</testsuite> <!-- com.selenium.test.Login -->
