<?xml version="1.0" encoding="UTF-8"?>
<!-- Generated by org.testng.reporters.JUnitReportReporter -->
<testsuite skipped="0" hostname="DESKTOP-L9FPGM3" name="com.selenium.test.TestNGSimpleTest1" tests="1" failures="0" timestamp="10 Nov 2018 18:27:21 GMT" time="12.212" errors="0">
  <testcase name="testAdd" time="12.212" classname="com.selenium.test.TestNGSimpleTest1"/>
</testsuite> <!-- com.selenium.test.TestNGSimpleTest1 -->
