<?xml version="1.0" encoding="UTF-8"?>
<!-- Generated by org.testng.reporters.JUnitReportReporter -->
<testsuite skipped="0" hostname="DESKTOP-L9FPGM3" name="com.selenium.test.Logout" tests="1" failures="0" timestamp="18 Nov 2018 17:36:55 GMT" time="1.157" errors="0">
  <testcase name="verifyLogoutSuccess" time="1.157" classname="com.selenium.test.Logout"/>
</testsuite> <!-- com.selenium.test.Logout -->
