<?xml version="1.0" encoding="UTF-8"?>
<!-- Generated by org.testng.reporters.JUnitReportReporter -->
<testsuite skipped="0" hostname="DESKTOP-L9FPGM3" name="com.selenium.test.Dashboard" tests="1" failures="0" timestamp="18 Nov 2018 17:36:55 GMT" time="1.288" errors="0">
  <testcase name="Dashboard" time="1.288" classname="com.selenium.test.Dashboard"/>
</testsuite> <!-- com.selenium.test.Dashboard -->
